[debug] [2019-11-28T15:16:48.501Z] ----------------------------------------------------------------------
[debug] [2019-11-28T15:16:48.505Z] Command:       D:\Program Files\nodejs\node.exe C:\Users\diego\AppData\Roaming\npm\node_modules\firebase-tools\lib\bin\firebase.js deploy
[debug] [2019-11-28T15:16:48.505Z] CLI Version:   7.8.0
[debug] [2019-11-28T15:16:48.506Z] Platform:      win32
[debug] [2019-11-28T15:16:48.506Z] Node Version:  v10.16.3
[debug] [2019-11-28T15:16:48.507Z] Time:          Thu Nov 28 2019 13:16:48 GMT-0200 (GMT-02:00)
[debug] [2019-11-28T15:16:48.507Z] ----------------------------------------------------------------------
[debug] [2019-11-28T15:16:48.507Z] 
[debug] [2019-11-28T15:16:48.529Z] > command requires scopes: ["email","openid","https://www.googleapis.com/auth/cloudplatformprojects.readonly","https://www.googleapis.com/auth/firebase","https://www.googleapis.com/auth/cloud-platform"]
[debug] [2019-11-28T15:16:48.530Z] > authorizing via signed-in user
[debug] [2019-11-28T15:16:48.530Z] [iam] checking project teste-jurema for permissions ["firebase.projects.get","firebasehosting.sites.update"]
[debug] [2019-11-28T15:16:48.532Z] >>> HTTP REQUEST POST https://cloudresourcemanager.googleapis.com/v1/projects/teste-jurema:testIamPermissions  

[debug] [2019-11-28T15:16:49.817Z] <<< HTTP RESPONSE 200
[debug] [2019-11-28T15:16:49.821Z] >>> HTTP REQUEST GET https://firebase.googleapis.com/v1beta1/projects/teste-jurema  
 
[debug] [2019-11-28T15:16:51.495Z] <<< HTTP RESPONSE 200
[info] 
[info] === Deploying to 'teste-jurema'...
[info] 
[info] i  deploying hosting
[debug] [2019-11-28T15:16:51.502Z] >>> HTTP REQUEST POST https://firebasehosting.googleapis.com/v1beta1/sites/teste-jurema/versions  

